[1109/145511.699:ERROR:directory_reader_win.cc(43)] FindFirstFile: O sistema não conseguiu localizar o caminho especificado. (0x3)
[1109/152236.824:ERROR:directory_reader_win.cc(43)] FindFirstFile: O sistema não conseguiu localizar o caminho especificado. (0x3)
[1116/114706.065:ERROR:directory_reader_win.cc(43)] FindFirstFile: O sistema não conseguiu localizar o caminho especificado. (0x3)
[1116/140711.701:ERROR:directory_reader_win.cc(43)] FindFirstFile: O sistema não conseguiu localizar o caminho especificado. (0x3)
[1123/141123.720:ERROR:directory_reader_win.cc(43)] FindFirstFile: O sistema não conseguiu localizar o caminho especificado. (0x3)
[1123/144216.271:ERROR:directory_reader_win.cc(43)] FindFirstFile: O sistema não conseguiu localizar o caminho especificado. (0x3)
[1201/234751.901:ERROR:directory_reader_win.cc(43)] FindFirstFile: O sistema não conseguiu localizar o caminho especificado. (0x3)
[1203/130549.126:ERROR:directory_reader_win.cc(43)] FindFirstFile: O sistema não conseguiu localizar o caminho especificado. (0x3)
[1204/145152.862:ERROR:directory_reader_win.cc(43)] FindFirstFile: O sistema não conseguiu localizar o caminho especificado. (0x3)
[1209/223036.695:ERROR:directory_reader_win.cc(43)] FindFirstFile: O sistema não conseguiu localizar o caminho especificado. (0x3)
[1209/230633.283:ERROR:directory_reader_win.cc(43)] FindFirstFile: O sistema não conseguiu localizar o caminho especificado. (0x3)
[1213/014024.893:ERROR:directory_reader_win.cc(43)] FindFirstFile: O sistema não conseguiu localizar o caminho especificado. (0x3)
[1215/115616.001:ERROR:directory_reader_win.cc(43)] FindFirstFile: O sistema não conseguiu localizar o caminho especificado. (0x3)
[1215/124639.267:ERROR:directory_reader_win.cc(43)] FindFirstFile: O sistema não conseguiu localizar o caminho especificado. (0x3)
[1215/162722.953:ERROR:directory_reader_win.cc(43)] FindFirstFile: O sistema não conseguiu localizar o caminho especificado. (0x3)
[1215/235416.046:ERROR:directory_reader_win.cc(43)] FindFirstFile: O sistema não conseguiu localizar o caminho especificado. (0x3)
[1228/002238.255:ERROR:directory_reader_win.cc(43)] FindFirstFile: O sistema não conseguiu localizar o caminho especificado. (0x3)
[1228/092700.374:ERROR:directory_reader_win.cc(43)] FindFirstFile: O sistema não conseguiu localizar o caminho especificado. (0x3)
[1228/214546.156:ERROR:directory_reader_win.cc(43)] FindFirstFile: O sistema não conseguiu localizar o caminho especificado. (0x3)
[1229/163104.718:ERROR:directory_reader_win.cc(43)] FindFirstFile: O sistema não conseguiu localizar o caminho especificado. (0x3)
[1229/181702.140:ERROR:directory_reader_win.cc(43)] FindFirstFile: O sistema não conseguiu localizar o caminho especificado. (0x3)
[1230/095557.306:ERROR:directory_reader_win.cc(43)] FindFirstFile: O sistema não conseguiu localizar o caminho especificado. (0x3)
[0101/233113.928:ERROR:directory_reader_win.cc(43)] FindFirstFile: O sistema não conseguiu localizar o caminho especificado. (0x3)
<<<<<<< HEAD
[0103/202313.964:ERROR:directory_reader_win.cc(43)] FindFirstFile: O sistema não conseguiu localizar o caminho especificado. (0x3)
[0103/230552.128:ERROR:directory_reader_win.cc(43)] FindFirstFile: O sistema não conseguiu localizar o caminho especificado. (0x3)
=======
[0103/210246.082:ERROR:directory_reader_win.cc(43)] FindFirstFile: O sistema não conseguiu localizar o caminho especificado. (0x3)
>>>>>>> 0dbf9ed66505a6a20341a0927639b7dee2dc7024
[0104/103744.922:ERROR:directory_reader_win.cc(43)] FindFirstFile: O sistema não conseguiu localizar o caminho especificado. (0x3)
<<<<<<< Updated upstream
[0104/141603.540:ERROR:directory_reader_win.cc(43)] FindFirstFile: O sistema não conseguiu localizar o caminho especificado. (0x3)
[0104/155732.290:ERROR:directory_reader_win.cc(43)] FindFirstFile: O sistema não conseguiu localizar o caminho especificado. (0x3)
[0104/175615.745:ERROR:directory_reader_win.cc(43)] FindFirstFile: O sistema não conseguiu localizar o caminho especificado. (0x3)
=======
>>>>>>> Stashed changes
[0106/104734.728:ERROR:directory_reader_win.cc(43)] FindFirstFile: O sistema não conseguiu localizar o caminho especificado. (0x3)
[0106/141508.719:ERROR:directory_reader_win.cc(43)] FindFirstFile: O sistema não conseguiu localizar o caminho especificado. (0x3)
[0108/092757.386:ERROR:directory_reader_win.cc(43)] FindFirstFile: O sistema não conseguiu localizar o caminho especificado. (0x3)
[0109/081607.642:ERROR:directory_reader_win.cc(43)] FindFirstFile: O sistema não conseguiu localizar o caminho especificado. (0x3)
[0113/103346.868:ERROR:directory_reader_win.cc(43)] FindFirstFile: O sistema não conseguiu localizar o caminho especificado. (0x3)
[0117/143300.348:ERROR:directory_reader_win.cc(43)] FindFirstFile: O sistema não conseguiu localizar o caminho especificado. (0x3)
[0117/185111.776:ERROR:directory_reader_win.cc(43)] FindFirstFile: O sistema não conseguiu localizar o caminho especificado. (0x3)
[0119/140113.787:ERROR:directory_reader_win.cc(43)] FindFirstFile: O sistema não conseguiu localizar o caminho especificado. (0x3)
[0120/141607.965:ERROR:directory_reader_win.cc(43)] FindFirstFile: O sistema não conseguiu localizar o caminho especificado. (0x3)
[0120/214848.901:ERROR:directory_reader_win.cc(43)] FindFirstFile: O sistema não conseguiu localizar o caminho especificado. (0x3)
[0121/095439.458:ERROR:directory_reader_win.cc(43)] FindFirstFile: O sistema não conseguiu localizar o caminho especificado. (0x3)
[0121/151739.514:ERROR:directory_reader_win.cc(43)] FindFirstFile: O sistema não conseguiu localizar o caminho especificado. (0x3)
[0121/204546.020:ERROR:directory_reader_win.cc(43)] FindFirstFile: O sistema não conseguiu localizar o caminho especificado. (0x3)
[0122/013610.984:ERROR:directory_reader_win.cc(43)] FindFirstFile: O sistema não conseguiu localizar o caminho especificado. (0x3)
[0122/100837.044:ERROR:directory_reader_win.cc(43)] FindFirstFile: O sistema não conseguiu localizar o caminho especificado. (0x3)
[0122/184204.040:ERROR:directory_reader_win.cc(43)] FindFirstFile: O sistema não conseguiu localizar o caminho especificado. (0x3)
[0123/104044.472:ERROR:directory_reader_win.cc(43)] FindFirstFile: O sistema não conseguiu localizar o caminho especificado. (0x3)
[0124/161743.960:ERROR:directory_reader_win.cc(43)] FindFirstFile: O sistema não conseguiu localizar o caminho especificado. (0x3)
[0124/194902.664:ERROR:directory_reader_win.cc(43)] FindFirstFile: O sistema não conseguiu localizar o caminho especificado. (0x3)
[0125/104048.538:ERROR:directory_reader_win.cc(43)] FindFirstFile: O sistema não conseguiu localizar o caminho especificado. (0x3)
[0125/183230.106:ERROR:directory_reader_win.cc(43)] FindFirstFile: O sistema não conseguiu localizar o caminho especificado. (0x3)
